<?xml version="1.0" encoding="UTF-8"?>
<robot generator="Robot 7.1.1 (Python 3.13.1 on win32)" generated="2025-01-10T04:03:56.811419" rpa="false" schemaversion="5">
<suite id="s1" name="Users" source="C:\Users\luisd\Documents\Portifolios\Robot_API_E2E\TESTS\api\users.robot">
<test id="s1-t1" name="Criar Usuário" line="6">
<kw name="Create Session" owner="RequestsLibrary">
<msg time="2025-01-10T04:03:57.410969" level="INFO">Creating Session using : alias=api_session, url=https://reqres.in, headers={},                     cookies={}, auth=None, timeout=None, proxies=None, verify=False,                     debug=0 </msg>
<arg>api_session</arg>
<arg>${API_URL}</arg>
<doc>Create Session: create a HTTP session to a server</doc>
<status status="PASS" start="2025-01-10T04:03:57.410793" elapsed="0.000586"/>
</kw>
<kw name="Create Dictionary" owner="BuiltIn">
<msg time="2025-01-10T04:03:57.411933" level="INFO">${payload} = {'name': 'Teste', 'job': 'QA'}</msg>
<var>${payload}</var>
<arg>name=Teste</arg>
<arg>job=QA</arg>
<doc>Creates and returns a dictionary based on the given ``items``.</doc>
<status status="PASS" start="2025-01-10T04:03:57.411659" elapsed="0.000304"/>
</kw>
<kw name="POST On Session" owner="RequestsLibrary">
<msg time="2025-01-10T04:03:57.877233" level="INFO">POST Request : url=https://reqres.in/api/users 
 path_url=/api/users 
 headers={'User-Agent': 'python-requests/2.32.3', 'Accept-Encoding': 'gzip, deflate', 'Accept': '*/*', 'Connection': 'keep-alive', 'Content-Length': '30', 'Content-Type': 'application/json'} 
 body=b'{"name": "Teste", "job": "QA"}' 
 </msg>
<msg time="2025-01-10T04:03:57.877517" level="INFO">POST Response : url=https://reqres.in/api/users 
 status=201, reason=Created 
 headers={'Date': 'Fri, 10 Jan 2025 07:04:00 GMT', 'Content-Type': 'application/json; charset=utf-8', 'Content-Length': '77', 'Connection': 'keep-alive', 'Report-To': '{"group":"heroku-nel","max_age":3600,"endpoints":[{"url":"https://nel.heroku.com/reports?ts=1736492639&amp;sid=c4c9725f-1ab0-44d8-820f-430df2718e11&amp;s=muE%2BdSNxzrgvFv04IKCFulGdvlXxMl1tNJB8H7P0nE0%3D"}]}', 'Reporting-Endpoints': 'heroku-nel=https://nel.heroku.com/reports?ts=1736492639&amp;sid=c4c9725f-1ab0-44d8-820f-430df2718e11&amp;s=muE%2BdSNxzrgvFv04IKCFulGdvlXxMl1tNJB8H7P0nE0%3D', 'Nel': '{"report_to":"heroku-nel","max_age":3600,"success_fraction":0.005,"failure_fraction":0.05,"response_headers":["Via"]}', 'X-Powered-By': 'Express', 'Access-Control-Allow-Origin': '*', 'Etag': 'W/"4d-pGnQh21HBZWZZHVA6VDjpYa+caY"', 'Via': '1.1 vegur', 'CF-Cache-Status': 'DYNAMIC', 'Server': 'cloudflare', 'CF-RAY': '8ffacf75fa54f905-NVT', 'server-timing': 'cfL4;desc="?proto=TCP&amp;rtt=5776&amp;min_rtt=4572&amp;rtt_var=2574&amp;sent=6&amp;recv=7&amp;lost=0&amp;retrans=0&amp;sent_bytes=2834&amp;recv_bytes=873&amp;delivery_rate=892388&amp;cwnd=252&amp;unsent_bytes=0&amp;cid=1d13b51ba6e5639f&amp;ts=424&amp;x=0"'} 
 body={"name":"Teste","job":"QA","id":"831","createdAt":"2025-01-10T07:03:59.983Z"} 
 </msg>
<msg time="2025-01-10T04:03:57.877708" level="INFO">C:\Users\luisd\AppData\Roaming\Python\Python313\site-packages\urllib3\connectionpool.py:1097: InsecureRequestWarning: Unverified HTTPS request is being made to host 'reqres.in'. Adding certificate verification is strongly advised. See: https://urllib3.readthedocs.io/en/latest/advanced-usage.html#tls-warnings
  warnings.warn(</msg>
<msg time="2025-01-10T04:03:57.878866" level="INFO">${response} = &lt;Response [201]&gt;</msg>
<var>${response}</var>
<arg>api_session</arg>
<arg>${API_USERS}</arg>
<arg>json=${payload}</arg>
<doc>Sends a POST request on a previously created HTTP Session.</doc>
<status status="PASS" start="2025-01-10T04:03:57.412193" elapsed="0.466764"/>
</kw>
<kw name="Should Be Equal As Strings" owner="BuiltIn">
<msg time="2025-01-10T04:03:57.880716" level="INFO">Argument types are:
&lt;class 'int'&gt;
&lt;class 'str'&gt;</msg>
<arg>${response.status_code}</arg>
<arg>201</arg>
<doc>Fails if objects are unequal after converting them to strings.</doc>
<status status="PASS" start="2025-01-10T04:03:57.879599" elapsed="0.001296"/>
</kw>
<kw name="Should Not Be Empty" owner="BuiltIn">
<msg time="2025-01-10T04:03:57.882481" level="INFO">Length is 4.</msg>
<arg>${response.json()}</arg>
<doc>Verifies that the given item is not empty.</doc>
<status status="PASS" start="2025-01-10T04:03:57.881440" elapsed="0.001178"/>
</kw>
<kw name="Log" owner="BuiltIn">
<msg time="2025-01-10T04:03:57.883851" level="INFO">{'name': 'Teste', 'job': 'QA', 'id': '831', 'createdAt': '2025-01-10T07:03:59.983Z'}</msg>
<arg>${response.json()}</arg>
<doc>Logs the given message with the given level.</doc>
<status status="PASS" start="2025-01-10T04:03:57.883084" elapsed="0.000863"/>
</kw>
<kw name="Convert To Dictionary" owner="Collections">
<msg time="2025-01-10T04:03:57.885233" level="INFO">${response_json} = {'name': 'Teste', 'job': 'QA', 'id': '831', 'createdAt': '2025-01-10T07:03:59.983Z'}</msg>
<var>${response_json}</var>
<arg>${response.json()}</arg>
<doc>Converts the given ``item`` to a Python ``dict`` type.</doc>
<status status="PASS" start="2025-01-10T04:03:57.884375" elapsed="0.000918"/>
</kw>
<kw name="Get From Dictionary" owner="Collections">
<msg time="2025-01-10T04:03:57.886074" level="INFO">${user_id} = 831</msg>
<var>${user_id}</var>
<arg>${response_json}</arg>
<arg>id</arg>
<doc>Returns a value from the given ``dictionary`` based on the given ``key``.</doc>
<status status="PASS" start="2025-01-10T04:03:57.885729" elapsed="0.000400"/>
</kw>
<kw name="Should Not Be Empty" owner="BuiltIn">
<msg time="2025-01-10T04:03:57.886817" level="INFO">Length is 3.</msg>
<arg>${user_id}</arg>
<doc>Verifies that the given item is not empty.</doc>
<status status="PASS" start="2025-01-10T04:03:57.886561" elapsed="0.000346"/>
</kw>
<kw name="Log" owner="BuiltIn">
<msg time="2025-01-10T04:03:57.888284" level="INFO">ID do Usuário Criado: 831</msg>
<arg>ID do Usuário Criado: ${user_id}</arg>
<doc>Logs the given message with the given level.</doc>
<status status="PASS" start="2025-01-10T04:03:57.887928" elapsed="0.000473"/>
</kw>
<kw name="Set Global Variable" owner="BuiltIn">
<msg time="2025-01-10T04:03:57.889286" level="INFO">${USER_ID} = 831</msg>
<arg>${USER_ID}</arg>
<arg>${user_id}</arg>
<doc>Makes a variable available globally in all tests and suites.</doc>
<status status="PASS" start="2025-01-10T04:03:57.888871" elapsed="0.000495"/>
</kw>
<doc>Teste de criar usuário usando API</doc>
<status status="PASS" start="2025-01-10T04:03:57.409747" elapsed="0.480043"/>
</test>
<test id="s1-t2" name="Editar Usuário com PUT" line="26">
<kw name="Create Dictionary" owner="BuiltIn">
<msg time="2025-01-10T04:03:57.892673" level="INFO">${payload} = {'name': 'Teste Editado PUT', 'job': 'DevOps'}</msg>
<var>${payload}</var>
<arg>name=Teste Editado PUT</arg>
<arg>job=DevOps</arg>
<doc>Creates and returns a dictionary based on the given ``items``.</doc>
<status status="PASS" start="2025-01-10T04:03:57.892085" elapsed="0.000681"/>
</kw>
<kw name="Replace String" owner="String">
<msg time="2025-01-10T04:03:57.893505" level="INFO">${endpoint} = /api/users/831</msg>
<var>${endpoint}</var>
<arg>${API_USERS_ID}</arg>
<arg>{id}</arg>
<arg>${USER_ID}</arg>
<doc>Replaces ``search_for`` in the given ``string`` with ``replace_with``.</doc>
<status status="PASS" start="2025-01-10T04:03:57.893171" elapsed="0.000373"/>
</kw>
<kw name="PUT On Session" owner="RequestsLibrary">
<msg time="2025-01-10T04:03:58.309165" level="INFO">PUT Request : url=https://reqres.in/api/users/831 
 path_url=/api/users/831 
 headers={'User-Agent': 'python-requests/2.32.3', 'Accept-Encoding': 'gzip, deflate', 'Accept': '*/*', 'Connection': 'keep-alive', 'Content-Length': '46', 'Content-Type': 'application/json'} 
 body=b'{"name": "Teste Editado PUT", "job": "DevOps"}' 
 </msg>
<msg time="2025-01-10T04:03:58.309398" level="INFO">PUT Response : url=https://reqres.in/api/users/831 
 status=200, reason=OK 
 headers={'Date': 'Fri, 10 Jan 2025 07:04:00 GMT', 'Content-Type': 'application/json; charset=utf-8', 'Transfer-Encoding': 'chunked', 'Connection': 'keep-alive', 'Report-To': '{"group":"heroku-nel","max_age":3600,"endpoints":[{"url":"https://nel.heroku.com/reports?ts=1736492640&amp;sid=c4c9725f-1ab0-44d8-820f-430df2718e11&amp;s=o%2FGoWkcQO%2BZPYH%2BNKYPC8m19vsraGPaHEWGco1XZv84%3D"}]}', 'Reporting-Endpoints': 'heroku-nel=https://nel.heroku.com/reports?ts=1736492640&amp;sid=c4c9725f-1ab0-44d8-820f-430df2718e11&amp;s=o%2FGoWkcQO%2BZPYH%2BNKYPC8m19vsraGPaHEWGco1XZv84%3D', 'Nel': '{"report_to":"heroku-nel","max_age":3600,"success_fraction":0.005,"failure_fraction":0.05,"response_headers":["Via"]}', 'X-Powered-By': 'Express', 'Access-Control-Allow-Origin': '*', 'Etag': 'W/"52-KgLpSRqpl7BdwbgCH3Z4bZYzYsE"', 'Via': '1.1 vegur', 'CF-Cache-Status': 'DYNAMIC', 'Vary': 'Accept-Encoding', 'Server': 'cloudflare', 'CF-RAY': '8ffacf78ac24f905-NVT', 'Content-Encoding': 'gzip', 'server-timing': 'cfL4;desc="?proto=TCP&amp;rtt=5592&amp;min_rtt=4307&amp;rtt_var=2298&amp;sent=10&amp;recv=10&amp;lost=0&amp;retrans=0&amp;sent_bytes=4474&amp;recv_bytes=1168&amp;delivery_rate=892388&amp;cwnd=254&amp;unsent_bytes=0&amp;cid=1d13b51ba6e5639f&amp;ts=856&amp;x=0"'} 
 body={"name":"Teste Editado PUT","job":"DevOps","updatedAt":"2025-01-10T07:04:00.418Z"} 
 </msg>
<msg time="2025-01-10T04:03:58.309857" level="INFO">C:\Users\luisd\AppData\Roaming\Python\Python313\site-packages\urllib3\connectionpool.py:1097: InsecureRequestWarning: Unverified HTTPS request is being made to host 'reqres.in'. Adding certificate verification is strongly advised. See: https://urllib3.readthedocs.io/en/latest/advanced-usage.html#tls-warnings
  warnings.warn(</msg>
<msg time="2025-01-10T04:03:58.311241" level="INFO">${response} = &lt;Response [200]&gt;</msg>
<var>${response}</var>
<arg>api_session</arg>
<arg>${endpoint}</arg>
<arg>json=${payload}</arg>
<doc>Sends a PUT request on a previously created HTTP Session.</doc>
<status status="PASS" start="2025-01-10T04:03:57.893878" elapsed="0.417477"/>
</kw>
<kw name="Should Be Equal As Strings" owner="BuiltIn">
<msg time="2025-01-10T04:03:58.313343" level="INFO">Argument types are:
&lt;class 'int'&gt;
&lt;class 'str'&gt;</msg>
<arg>${response.status_code}</arg>
<arg>200</arg>
<doc>Fails if objects are unequal after converting them to strings.</doc>
<status status="PASS" start="2025-01-10T04:03:58.312194" elapsed="0.001314"/>
</kw>
<kw name="Convert To Dictionary" owner="Collections">
<msg time="2025-01-10T04:03:58.315349" level="INFO">${response_json} = {'name': 'Teste Editado PUT', 'job': 'DevOps', 'updatedAt': '2025-01-10T07:04:00.418Z'}</msg>
<var>${response_json}</var>
<arg>${response.json()}</arg>
<doc>Converts the given ``item`` to a Python ``dict`` type.</doc>
<status status="PASS" start="2025-01-10T04:03:58.314116" elapsed="0.001319"/>
</kw>
<kw name="Should Be Equal As Strings" owner="BuiltIn">
<arg>${response_json["name"]}</arg>
<arg>Teste Editado PUT</arg>
<doc>Fails if objects are unequal after converting them to strings.</doc>
<status status="PASS" start="2025-01-10T04:03:58.316060" elapsed="0.001179"/>
</kw>
<kw name="Should Be Equal As Strings" owner="BuiltIn">
<arg>${response_json["job"]}</arg>
<arg>DevOps</arg>
<doc>Fails if objects are unequal after converting them to strings.</doc>
<status status="PASS" start="2025-01-10T04:03:58.317865" elapsed="0.001192"/>
</kw>
<doc>Teste de editar o usuário criado com PUT</doc>
<status status="PASS" start="2025-01-10T04:03:57.891084" elapsed="0.428580"/>
</test>
<test id="s1-t3" name="Editar Usuário com PATCH" line="40">
<kw name="Create Dictionary" owner="BuiltIn">
<msg time="2025-01-10T04:03:58.323793" level="INFO">${payload} = {'name': 'Teste Editado PATCH', 'job': 'DevOps'}</msg>
<var>${payload}</var>
<arg>name=Teste Editado PATCH</arg>
<arg>job=DevOps</arg>
<doc>Creates and returns a dictionary based on the given ``items``.</doc>
<status status="PASS" start="2025-01-10T04:03:58.323077" elapsed="0.000818"/>
</kw>
<kw name="Replace String" owner="String">
<msg time="2025-01-10T04:03:58.325103" level="INFO">${endpoint} = /api/users/831</msg>
<var>${endpoint}</var>
<arg>${API_USERS_ID}</arg>
<arg>{id}</arg>
<arg>${USER_ID}</arg>
<doc>Replaces ``search_for`` in the given ``string`` with ``replace_with``.</doc>
<status status="PASS" start="2025-01-10T04:03:58.324504" elapsed="0.000680"/>
</kw>
<kw name="PATCH On Session" owner="RequestsLibrary">
<msg time="2025-01-10T04:03:58.722817" level="INFO">PATCH Request : url=https://reqres.in/api/users/831 
 path_url=/api/users/831 
 headers={'User-Agent': 'python-requests/2.32.3', 'Accept-Encoding': 'gzip, deflate', 'Accept': '*/*', 'Connection': 'keep-alive', 'Content-Length': '48', 'Content-Type': 'application/json'} 
 body=b'{"name": "Teste Editado PATCH", "job": "DevOps"}' 
 </msg>
<msg time="2025-01-10T04:03:58.723195" level="INFO">PATCH Response : url=https://reqres.in/api/users/831 
 status=200, reason=OK 
 headers={'Date': 'Fri, 10 Jan 2025 07:04:00 GMT', 'Content-Type': 'application/json; charset=utf-8', 'Transfer-Encoding': 'chunked', 'Connection': 'keep-alive', 'Report-To': '{"group":"heroku-nel","max_age":3600,"endpoints":[{"url":"https://nel.heroku.com/reports?ts=1736492640&amp;sid=c4c9725f-1ab0-44d8-820f-430df2718e11&amp;s=o%2FGoWkcQO%2BZPYH%2BNKYPC8m19vsraGPaHEWGco1XZv84%3D"}]}', 'Reporting-Endpoints': 'heroku-nel=https://nel.heroku.com/reports?ts=1736492640&amp;sid=c4c9725f-1ab0-44d8-820f-430df2718e11&amp;s=o%2FGoWkcQO%2BZPYH%2BNKYPC8m19vsraGPaHEWGco1XZv84%3D', 'Nel': '{"report_to":"heroku-nel","max_age":3600,"success_fraction":0.005,"failure_fraction":0.05,"response_headers":["Via"]}', 'X-Powered-By': 'Express', 'Access-Control-Allow-Origin': '*', 'Etag': 'W/"54-szBspYQ2H6KUdUCbxR4dXgvg+v4"', 'Via': '1.1 vegur', 'CF-Cache-Status': 'DYNAMIC', 'Server': 'cloudflare', 'CF-RAY': '8ffacf7b5db1f905-NVT', 'Content-Encoding': 'gzip', 'server-timing': 'cfL4;desc="?proto=TCP&amp;rtt=5789&amp;min_rtt=4307&amp;rtt_var=2118&amp;sent=14&amp;recv=13&amp;lost=0&amp;retrans=0&amp;sent_bytes=5757&amp;recv_bytes=1467&amp;delivery_rate=892388&amp;cwnd=256&amp;unsent_bytes=0&amp;cid=1d13b51ba6e5639f&amp;ts=1269&amp;x=0"'} 
 body={"name":"Teste Editado PATCH","job":"DevOps","updatedAt":"2025-01-10T07:04:00.831Z"} 
 </msg>
<msg time="2025-01-10T04:03:58.723475" level="INFO">C:\Users\luisd\AppData\Roaming\Python\Python313\site-packages\urllib3\connectionpool.py:1097: InsecureRequestWarning: Unverified HTTPS request is being made to host 'reqres.in'. Adding certificate verification is strongly advised. See: https://urllib3.readthedocs.io/en/latest/advanced-usage.html#tls-warnings
  warnings.warn(</msg>
<msg time="2025-01-10T04:03:58.725280" level="INFO">${response} = &lt;Response [200]&gt;</msg>
<var>${response}</var>
<arg>api_session</arg>
<arg>${endpoint}</arg>
<arg>json=${payload}</arg>
<doc>Sends a PATCH request on a previously created HTTP Session.</doc>
<status status="PASS" start="2025-01-10T04:03:58.325800" elapsed="0.399628"/>
</kw>
<kw name="Should Be Equal As Strings" owner="BuiltIn">
<msg time="2025-01-10T04:03:58.728383" level="INFO">Argument types are:
&lt;class 'int'&gt;
&lt;class 'str'&gt;</msg>
<arg>${response.status_code}</arg>
<arg>200</arg>
<doc>Fails if objects are unequal after converting them to strings.</doc>
<status status="PASS" start="2025-01-10T04:03:58.726540" elapsed="0.002091"/>
</kw>
<kw name="Convert To Dictionary" owner="Collections">
<msg time="2025-01-10T04:03:58.731540" level="INFO">${response_json} = {'name': 'Teste Editado PATCH', 'job': 'DevOps', 'updatedAt': '2025-01-10T07:04:00.831Z'}</msg>
<var>${response_json}</var>
<arg>${response.json()}</arg>
<doc>Converts the given ``item`` to a Python ``dict`` type.</doc>
<status status="PASS" start="2025-01-10T04:03:58.729682" elapsed="0.001965"/>
</kw>
<kw name="Should Be Equal As Strings" owner="BuiltIn">
<arg>${response_json["name"]}</arg>
<arg>Teste Editado PATCH</arg>
<doc>Fails if objects are unequal after converting them to strings.</doc>
<status status="PASS" start="2025-01-10T04:03:58.732295" elapsed="0.001228"/>
</kw>
<kw name="Should Be Equal As Strings" owner="BuiltIn">
<arg>${response_json["job"]}</arg>
<arg>DevOps</arg>
<doc>Fails if objects are unequal after converting them to strings.</doc>
<status status="PASS" start="2025-01-10T04:03:58.734148" elapsed="0.001197"/>
</kw>
<doc>Teste de editar o usuário criado com PATCH</doc>
<status status="PASS" start="2025-01-10T04:03:58.321701" elapsed="0.414248"/>
</test>
<test id="s1-t4" name="Deletar Usuário" line="54">
<kw name="Replace String" owner="String">
<msg time="2025-01-10T04:03:58.739991" level="INFO">${endpoint} = /api/users/831</msg>
<var>${endpoint}</var>
<arg>${API_USERS_ID}</arg>
<arg>{id}</arg>
<arg>${USER_ID}</arg>
<doc>Replaces ``search_for`` in the given ``string`` with ``replace_with``.</doc>
<status status="PASS" start="2025-01-10T04:03:58.739321" elapsed="0.000779"/>
</kw>
<kw name="DELETE On Session" owner="RequestsLibrary">
<msg time="2025-01-10T04:03:59.136574" level="INFO">DELETE Request : url=https://reqres.in/api/users/831 
 path_url=/api/users/831 
 headers={'User-Agent': 'python-requests/2.32.3', 'Accept-Encoding': 'gzip, deflate', 'Accept': '*/*', 'Connection': 'keep-alive', 'Content-Length': '0'} 
 body=None 
 </msg>
<msg time="2025-01-10T04:03:59.136851" level="INFO">DELETE Response : url=https://reqres.in/api/users/831 
 status=204, reason=No Content 
 headers={'Date': 'Fri, 10 Jan 2025 07:04:01 GMT', 'Content-Length': '0', 'Connection': 'keep-alive', 'Report-To': '{"group":"heroku-nel","max_age":3600,"endpoints":[{"url":"https://nel.heroku.com/reports?ts=1736492641&amp;sid=c4c9725f-1ab0-44d8-820f-430df2718e11&amp;s=3fVDAJ4CYajRv2PGbdaFm0ycai0vqdwNwuvohg5Iku0%3D"}]}', 'Reporting-Endpoints': 'heroku-nel=https://nel.heroku.com/reports?ts=1736492641&amp;sid=c4c9725f-1ab0-44d8-820f-430df2718e11&amp;s=3fVDAJ4CYajRv2PGbdaFm0ycai0vqdwNwuvohg5Iku0%3D', 'Nel': '{"report_to":"heroku-nel","max_age":3600,"success_fraction":0.005,"failure_fraction":0.05,"response_headers":["Via"]}', 'X-Powered-By': 'Express', 'Access-Control-Allow-Origin': '*', 'Etag': 'W/"2-vyGp6PvFo4RvsFtPoIWeCReyIC8"', 'Via': '1.1 vegur', 'CF-Cache-Status': 'DYNAMIC', 'Server': 'cloudflare', 'CF-RAY': '8ffacf7dff3ff905-NVT', 'server-timing': 'cfL4;desc="?proto=TCP&amp;rtt=5727&amp;min_rtt=4307&amp;rtt_var=1713&amp;sent=17&amp;recv=15&amp;lost=0&amp;retrans=0&amp;sent_bytes=7020&amp;recv_bytes=1664&amp;delivery_rate=892388&amp;cwnd=256&amp;unsent_bytes=0&amp;cid=1d13b51ba6e5639f&amp;ts=1683&amp;x=0"'} 
 body=None 
 </msg>
<msg time="2025-01-10T04:03:59.137259" level="INFO">C:\Users\luisd\AppData\Roaming\Python\Python313\site-packages\urllib3\connectionpool.py:1097: InsecureRequestWarning: Unverified HTTPS request is being made to host 'reqres.in'. Adding certificate verification is strongly advised. See: https://urllib3.readthedocs.io/en/latest/advanced-usage.html#tls-warnings
  warnings.warn(</msg>
<msg time="2025-01-10T04:03:59.138410" level="INFO">${response} = &lt;Response [204]&gt;</msg>
<var>${response}</var>
<arg>api_session</arg>
<arg>${endpoint}</arg>
<doc>Sends a DELETE request on a previously created HTTP Session.</doc>
<status status="PASS" start="2025-01-10T04:03:58.740755" elapsed="0.397756"/>
</kw>
<kw name="Should Be Equal As Strings" owner="BuiltIn">
<msg time="2025-01-10T04:03:59.140420" level="INFO">Argument types are:
&lt;class 'int'&gt;
&lt;class 'str'&gt;</msg>
<arg>${response.status_code}</arg>
<arg>204</arg>
<doc>Fails if objects are unequal after converting them to strings.</doc>
<status status="PASS" start="2025-01-10T04:03:59.139231" elapsed="0.001351"/>
</kw>
<doc>Teste de deletar o usuário criado</doc>
<status status="PASS" start="2025-01-10T04:03:58.738013" elapsed="0.403160"/>
</test>
<test id="s1-t5" name="Listar Usuário por ID" line="61">
<kw name="Create Session" owner="RequestsLibrary">
<msg time="2025-01-10T04:03:59.143863" level="INFO">Creating Session using : alias=api_session, url=https://reqres.in, headers={},                     cookies={}, auth=None, timeout=None, proxies=None, verify=False,                     debug=0 </msg>
<arg>api_session</arg>
<arg>${API_URL}</arg>
<doc>Create Session: create a HTTP session to a server</doc>
<status status="PASS" start="2025-01-10T04:03:59.143547" elapsed="0.000633"/>
</kw>
<kw name="Replace String" owner="String">
<msg time="2025-01-10T04:03:59.145013" level="INFO">${endpoint} = /api/users/2</msg>
<var>${endpoint}</var>
<arg>${API_USERS_ID}</arg>
<arg>{id}</arg>
<arg>2</arg>
<doc>Replaces ``search_for`` in the given ``string`` with ``replace_with``.</doc>
<status status="PASS" start="2025-01-10T04:03:59.144631" elapsed="0.000442"/>
</kw>
<kw name="GET On Session" owner="RequestsLibrary">
<msg time="2025-01-10T04:03:59.212255" level="INFO">GET Request : url=https://reqres.in/api/users/2 
 path_url=/api/users/2 
 headers={'User-Agent': 'python-requests/2.32.3', 'Accept-Encoding': 'gzip, deflate', 'Accept': '*/*', 'Connection': 'keep-alive'} 
 body=None 
 </msg>
<msg time="2025-01-10T04:03:59.212409" level="INFO">GET Response : url=https://reqres.in/api/users/2 
 status=200, reason=OK 
 headers={'Date': 'Fri, 10 Jan 2025 07:04:01 GMT', 'Content-Type': 'application/json; charset=utf-8', 'Transfer-Encoding': 'chunked', 'Connection': 'keep-alive', 'Report-To': '{"group":"heroku-nel","max_age":3600,"endpoints":[{"url":"https://nel.heroku.com/reports?ts=1736482828&amp;sid=c4c9725f-1ab0-44d8-820f-430df2718e11&amp;s=VbaMrRP1sZjLJlPUUBXY%2FEBoSJ8Qs6FLIMpNj5vq8%2B8%3D"}]}', 'Reporting-Endpoints': 'heroku-nel=https://nel.heroku.com/reports?ts=1736482828&amp;sid=c4c9725f-1ab0-44d8-820f-430df2718e11&amp;s=VbaMrRP1sZjLJlPUUBXY%2FEBoSJ8Qs6FLIMpNj5vq8%2B8%3D', 'Nel': '{"report_to":"heroku-nel","max_age":3600,"success_fraction":0.005,"failure_fraction":0.05,"response_headers":["Via"]}', 'X-Powered-By': 'Express', 'Access-Control-Allow-Origin': '*', 'Etag': 'W/"152-ApQgGHL6RKwaebFlrPCYPBO1xHg"', 'Via': '1.1 vegur', 'Cache-Control': 'max-age=14400', 'CF-Cache-Status': 'HIT', 'Age': '2056', 'Vary': 'Accept-Encoding', 'Server': 'cloudflare', 'CF-RAY': '8ffacf80c901f905-NVT', 'Content-Encoding': 'gzip', 'server-timing': 'cfL4;desc="?proto=TCP&amp;rtt=4249&amp;min_rtt=3973&amp;rtt_var=2043&amp;sent=5&amp;recv=6&amp;lost=0&amp;retrans=0&amp;sent_bytes=2835&amp;recv_bytes=770&amp;delivery_rate=659553&amp;cwnd=252&amp;unsent_bytes=0&amp;cid=518999e54888f1e1&amp;ts=24&amp;x=0"'} 
 body={"data":{"id":2,"email":"janet.weaver@reqres.in","first_name":"Janet","last_name":"Weaver","avatar":"https://reqres.in/img/faces/2-image.jpg"},"support":{"url":"https://contentcaddy.io?utm_source=reqres&amp;utm_medium=json&amp;utm_campaign=referral","text":"Tired of writing endless social media content? Let Content Caddy generate it for you."}} 
 </msg>
<msg time="2025-01-10T04:03:59.212499" level="INFO">C:\Users\luisd\AppData\Roaming\Python\Python313\site-packages\urllib3\connectionpool.py:1097: InsecureRequestWarning: Unverified HTTPS request is being made to host 'reqres.in'. Adding certificate verification is strongly advised. See: https://urllib3.readthedocs.io/en/latest/advanced-usage.html#tls-warnings
  warnings.warn(</msg>
<msg time="2025-01-10T04:03:59.213233" level="INFO">${response} = &lt;Response [200]&gt;</msg>
<var>${response}</var>
<arg>api_session</arg>
<arg>${endpoint}</arg>
<doc>Sends a GET request on a previously created HTTP Session.</doc>
<status status="PASS" start="2025-01-10T04:03:59.145502" elapsed="0.067776"/>
</kw>
<kw name="Should Be Equal As Strings" owner="BuiltIn">
<msg time="2025-01-10T04:03:59.214165" level="INFO">Argument types are:
&lt;class 'int'&gt;
&lt;class 'str'&gt;</msg>
<arg>${response.status_code}</arg>
<arg>200</arg>
<doc>Fails if objects are unequal after converting them to strings.</doc>
<status status="PASS" start="2025-01-10T04:03:59.213590" elapsed="0.000643"/>
</kw>
<kw name="Should Not Be Empty" owner="BuiltIn">
<msg time="2025-01-10T04:03:59.215042" level="INFO">Length is 2.</msg>
<arg>${response.json()}</arg>
<doc>Verifies that the given item is not empty.</doc>
<status status="PASS" start="2025-01-10T04:03:59.214524" elapsed="0.000580"/>
</kw>
<kw name="Log" owner="BuiltIn">
<msg time="2025-01-10T04:03:59.215905" level="INFO">{'data': {'id': 2, 'email': 'janet.weaver@reqres.in', 'first_name': 'Janet', 'last_name': 'Weaver', 'avatar': 'https://reqres.in/img/faces/2-image.jpg'}, 'support': {'url': 'https://contentcaddy.io?utm_source=reqres&amp;utm_medium=json&amp;utm_campaign=referral', 'text': 'Tired of writing endless social media content? Let Content Caddy generate it for you.'}}</msg>
<arg>${response.json()}</arg>
<doc>Logs the given message with the given level.</doc>
<status status="PASS" start="2025-01-10T04:03:59.215392" elapsed="0.000581"/>
</kw>
<kw name="Convert To Dictionary" owner="Collections">
<msg time="2025-01-10T04:03:59.216783" level="INFO">${response_json} = {'data': {'id': 2, 'email': 'janet.weaver@reqres.in', 'first_name': 'Janet', 'last_name': 'Weaver', 'avatar': 'https://reqres.in/img/faces/2-image.jpg'}, 'support': {'url': 'https://contentcaddy.io?ut...</msg>
<var>${response_json}</var>
<arg>${response.json()}</arg>
<doc>Converts the given ``item`` to a Python ``dict`` type.</doc>
<status status="PASS" start="2025-01-10T04:03:59.216249" elapsed="0.000576"/>
</kw>
<kw name="Get From Dictionary" owner="Collections">
<msg time="2025-01-10T04:03:59.217315" level="INFO">${data} = {'id': 2, 'email': 'janet.weaver@reqres.in', 'first_name': 'Janet', 'last_name': 'Weaver', 'avatar': 'https://reqres.in/img/faces/2-image.jpg'}</msg>
<var>${data}</var>
<arg>${response_json}</arg>
<arg>data</arg>
<doc>Returns a value from the given ``dictionary`` based on the given ``key``.</doc>
<status status="PASS" start="2025-01-10T04:03:59.217106" elapsed="0.000244"/>
</kw>
<kw name="Should Not Be Empty" owner="BuiltIn">
<msg time="2025-01-10T04:03:59.217785" level="INFO">Length is 5.</msg>
<arg>${data}</arg>
<doc>Verifies that the given item is not empty.</doc>
<status status="PASS" start="2025-01-10T04:03:59.217638" elapsed="0.000209"/>
</kw>
<kw name="Should Be True" owner="BuiltIn">
<arg>${data["id"]} != None</arg>
<doc>Fails if the given condition is not true.</doc>
<status status="PASS" start="2025-01-10T04:03:59.218398" elapsed="0.000980"/>
</kw>
<kw name="Should Not Be Empty" owner="BuiltIn">
<msg time="2025-01-10T04:03:59.220151" level="INFO">Length is 22.</msg>
<arg>${data["email"]}</arg>
<doc>Verifies that the given item is not empty.</doc>
<status status="PASS" start="2025-01-10T04:03:59.219668" elapsed="0.000541"/>
</kw>
<kw name="Should Not Be Empty" owner="BuiltIn">
<msg time="2025-01-10T04:03:59.221039" level="INFO">Length is 5.</msg>
<arg>${data["first_name"]}</arg>
<doc>Verifies that the given item is not empty.</doc>
<status status="PASS" start="2025-01-10T04:03:59.220486" elapsed="0.000620"/>
</kw>
<kw name="Should Not Be Empty" owner="BuiltIn">
<msg time="2025-01-10T04:03:59.222160" level="INFO">Length is 6.</msg>
<arg>${data["last_name"]}</arg>
<doc>Verifies that the given item is not empty.</doc>
<status status="PASS" start="2025-01-10T04:03:59.221416" elapsed="0.000834"/>
</kw>
<kw name="Should Not Be Empty" owner="BuiltIn">
<msg time="2025-01-10T04:03:59.223783" level="INFO">Length is 39.</msg>
<arg>${data["avatar"]}</arg>
<doc>Verifies that the given item is not empty.</doc>
<status status="PASS" start="2025-01-10T04:03:59.222740" elapsed="0.001155"/>
</kw>
<kw name="Get From Dictionary" owner="Collections">
<msg time="2025-01-10T04:03:59.224563" level="INFO">${support} = {'url': 'https://contentcaddy.io?utm_source=reqres&amp;utm_medium=json&amp;utm_campaign=referral', 'text': 'Tired of writing endless social media content? Let Content Caddy generate it for you.'}</msg>
<var>${support}</var>
<arg>${response_json}</arg>
<arg>support</arg>
<doc>Returns a value from the given ``dictionary`` based on the given ``key``.</doc>
<status status="PASS" start="2025-01-10T04:03:59.224321" elapsed="0.000276"/>
</kw>
<kw name="Should Not Be Empty" owner="BuiltIn">
<msg time="2025-01-10T04:03:59.225087" level="INFO">Length is 2.</msg>
<arg>${support}</arg>
<doc>Verifies that the given item is not empty.</doc>
<status status="PASS" start="2025-01-10T04:03:59.224871" elapsed="0.000342"/>
</kw>
<kw name="Should Not Be Empty" owner="BuiltIn">
<msg time="2025-01-10T04:03:59.226084" level="INFO">Length is 79.</msg>
<arg>${support["url"]}</arg>
<doc>Verifies that the given item is not empty.</doc>
<status status="PASS" start="2025-01-10T04:03:59.225606" elapsed="0.000529"/>
</kw>
<kw name="Should Not Be Empty" owner="BuiltIn">
<msg time="2025-01-10T04:03:59.227058" level="INFO">Length is 85.</msg>
<arg>${support["text"]}</arg>
<doc>Verifies that the given item is not empty.</doc>
<status status="PASS" start="2025-01-10T04:03:59.226636" elapsed="0.000472"/>
</kw>
<kw name="Log" owner="BuiltIn">
<msg time="2025-01-10T04:03:59.227501" level="INFO">{'data': {'id': 2, 'email': 'janet.weaver@reqres.in', 'first_name': 'Janet', 'last_name': 'Weaver', 'avatar': 'https://reqres.in/img/faces/2-image.jpg'}, 'support': {'url': 'https://contentcaddy.io?utm_source=reqres&amp;utm_medium=json&amp;utm_campaign=referral', 'text': 'Tired of writing endless social media content? Let Content Caddy generate it for you.'}}</msg>
<arg>${response_json}</arg>
<doc>Logs the given message with the given level.</doc>
<status status="PASS" start="2025-01-10T04:03:59.227358" elapsed="0.000194"/>
</kw>
<doc>Teste de listar usuário usando API</doc>
<status status="PASS" start="2025-01-10T04:03:59.142806" elapsed="0.085016"/>
</test>
<test id="s1-t6" name="Listar Pagina de Usuários" line="91">
<kw name="Create Session" owner="RequestsLibrary">
<msg time="2025-01-10T04:03:59.229339" level="INFO">Creating Session using : alias=api_session, url=https://reqres.in, headers={},                     cookies={}, auth=None, timeout=None, proxies=None, verify=False,                     debug=0 </msg>
<arg>api_session</arg>
<arg>${API_URL}</arg>
<doc>Create Session: create a HTTP session to a server</doc>
<status status="PASS" start="2025-01-10T04:03:59.229182" elapsed="0.000313"/>
</kw>
<kw name="Replace String" owner="String">
<msg time="2025-01-10T04:03:59.229985" level="INFO">${endpoint} = /api/users?page=1</msg>
<var>${endpoint}</var>
<arg>${API_USERS_PAGE}</arg>
<arg>{page}</arg>
<arg>1</arg>
<doc>Replaces ``search_for`` in the given ``string`` with ``replace_with``.</doc>
<status status="PASS" start="2025-01-10T04:03:59.229785" elapsed="0.000236"/>
</kw>
<kw name="GET On Session" owner="RequestsLibrary">
<msg time="2025-01-10T04:03:59.291888" level="INFO">GET Request : url=https://reqres.in/api/users?page=1 
 path_url=/api/users?page=1 
 headers={'User-Agent': 'python-requests/2.32.3', 'Accept-Encoding': 'gzip, deflate', 'Accept': '*/*', 'Connection': 'keep-alive'} 
 body=None 
 </msg>
<msg time="2025-01-10T04:03:59.291986" level="INFO">GET Response : url=https://reqres.in/api/users?page=1 
 status=200, reason=OK 
 headers={'Date': 'Fri, 10 Jan 2025 07:04:01 GMT', 'Content-Type': 'application/json; charset=utf-8', 'Transfer-Encoding': 'chunked', 'Connection': 'keep-alive', 'Report-To': '{"group":"heroku-nel","max_age":3600,"endpoints":[{"url":"https://nel.heroku.com/reports?ts=1736487702&amp;sid=c4c9725f-1ab0-44d8-820f-430df2718e11&amp;s=wthuru%2B3SpZnw7C6cKCiQfvuxejcYHDkeVONJ61PToE%3D"}]}', 'Reporting-Endpoints': 'heroku-nel=https://nel.heroku.com/reports?ts=1736487702&amp;sid=c4c9725f-1ab0-44d8-820f-430df2718e11&amp;s=wthuru%2B3SpZnw7C6cKCiQfvuxejcYHDkeVONJ61PToE%3D', 'Nel': '{"report_to":"heroku-nel","max_age":3600,"success_fraction":0.005,"failure_fraction":0.05,"response_headers":["Via"]}', 'X-Powered-By': 'Express', 'Access-Control-Allow-Origin': '*', 'Etag': 'W/"41e-bY3U72nulxuwNd/TmihMEHjLmek"', 'Via': '1.1 vegur', 'Cache-Control': 'max-age=14400', 'CF-Cache-Status': 'HIT', 'Age': '4939', 'Vary': 'Accept-Encoding', 'Server': 'cloudflare', 'CF-RAY': '8ffacf814de9f8fd-NVT', 'Content-Encoding': 'gzip', 'server-timing': 'cfL4;desc="?proto=TCP&amp;rtt=4780&amp;min_rtt=4712&amp;rtt_var=1815&amp;sent=5&amp;recv=6&amp;lost=0&amp;retrans=0&amp;sent_bytes=2833&amp;recv_bytes=775&amp;delivery_rate=865874&amp;cwnd=210&amp;unsent_bytes=0&amp;cid=32175c9c93f05f43&amp;ts=26&amp;x=0"'} 
 body={"page":1,"per_page":6,"total":12,"total_pages":2,"data":[{"id":1,"email":"george.bluth@reqres.in","first_name":"George","last_name":"Bluth","avatar":"https://reqres.in/img/faces/1-image.jpg"},{"id":2,"email":"janet.weaver@reqres.in","first_name":"Janet","last_name":"Weaver","avatar":"https://reqres.in/img/faces/2-image.jpg"},{"id":3,"email":"emma.wong@reqres.in","first_name":"Emma","last_name":"Wong","avatar":"https://reqres.in/img/faces/3-image.jpg"},{"id":4,"email":"eve.holt@reqres.in","first_name":"Eve","last_name":"Holt","avatar":"https://reqres.in/img/faces/4-image.jpg"},{"id":5,"email":"charles.morris@reqres.in","first_name":"Charles","last_name":"Morris","avatar":"https://reqres.in/img/faces/5-image.jpg"},{"id":6,"email":"tracey.ramos@reqres.in","first_name":"Tracey","last_name":"Ramos","avatar":"https://reqres.in/img/faces/6-image.jpg"}],"support":{"url":"https://contentcaddy.io?utm_source=reqres&amp;utm_medium=json&amp;utm_campaign=referral","text":"Tired of writing endless social media content? Let Content Caddy generate it for you."}} 
 </msg>
<msg time="2025-01-10T04:03:59.292066" level="INFO">C:\Users\luisd\AppData\Roaming\Python\Python313\site-packages\urllib3\connectionpool.py:1097: InsecureRequestWarning: Unverified HTTPS request is being made to host 'reqres.in'. Adding certificate verification is strongly advised. See: https://urllib3.readthedocs.io/en/latest/advanced-usage.html#tls-warnings
  warnings.warn(</msg>
<msg time="2025-01-10T04:03:59.292722" level="INFO">${response} = &lt;Response [200]&gt;</msg>
<var>${response}</var>
<arg>api_session</arg>
<arg>${endpoint}</arg>
<doc>Sends a GET request on a previously created HTTP Session.</doc>
<status status="PASS" start="2025-01-10T04:03:59.230254" elapsed="0.062504"/>
</kw>
<kw name="Should Be Equal As Strings" owner="BuiltIn">
<msg time="2025-01-10T04:03:59.293527" level="INFO">Argument types are:
&lt;class 'int'&gt;
&lt;class 'str'&gt;</msg>
<arg>${response.status_code}</arg>
<arg>200</arg>
<doc>Fails if objects are unequal after converting them to strings.</doc>
<status status="PASS" start="2025-01-10T04:03:59.293056" elapsed="0.000529"/>
</kw>
<kw name="Should Not Be Empty" owner="BuiltIn">
<msg time="2025-01-10T04:03:59.294266" level="INFO">Length is 6.</msg>
<arg>${response.json()}</arg>
<doc>Verifies that the given item is not empty.</doc>
<status status="PASS" start="2025-01-10T04:03:59.293836" elapsed="0.000481"/>
</kw>
<kw name="Log" owner="BuiltIn">
<msg time="2025-01-10T04:03:59.295084" level="INFO">{'page': 1, 'per_page': 6, 'total': 12, 'total_pages': 2, 'data': [{'id': 1, 'email': 'george.bluth@reqres.in', 'first_name': 'George', 'last_name': 'Bluth', 'avatar': 'https://reqres.in/img/faces/1-image.jpg'}, {'id': 2, 'email': 'janet.weaver@reqres.in', 'first_name': 'Janet', 'last_name': 'Weaver', 'avatar': 'https://reqres.in/img/faces/2-image.jpg'}, {'id': 3, 'email': 'emma.wong@reqres.in', 'first_name': 'Emma', 'last_name': 'Wong', 'avatar': 'https://reqres.in/img/faces/3-image.jpg'}, {'id': 4, 'email': 'eve.holt@reqres.in', 'first_name': 'Eve', 'last_name': 'Holt', 'avatar': 'https://reqres.in/img/faces/4-image.jpg'}, {'id': 5, 'email': 'charles.morris@reqres.in', 'first_name': 'Charles', 'last_name': 'Morris', 'avatar': 'https://reqres.in/img/faces/5-image.jpg'}, {'id': 6, 'email': 'tracey.ramos@reqres.in', 'first_name': 'Tracey', 'last_name': 'Ramos', 'avatar': 'https://reqres.in/img/faces/6-image.jpg'}], 'support': {'url': 'https://contentcaddy.io?utm_source=reqres&amp;utm_medium=json&amp;utm_campaign=referral', 'text': 'Tired of writing endless social media content? Let Content Caddy generate it for you.'}}</msg>
<arg>${response.json()}</arg>
<doc>Logs the given message with the given level.</doc>
<status status="PASS" start="2025-01-10T04:03:59.294622" elapsed="0.000530"/>
</kw>
<doc>Teste de listar uma pagina de usuários usando API</doc>
<status status="PASS" start="2025-01-10T04:03:59.228744" elapsed="0.066653"/>
</test>
<test id="s1-t7" name="Listar usuário inexistente" line="100">
<kw name="Create Session" owner="RequestsLibrary">
<msg time="2025-01-10T04:03:59.296783" level="INFO">Creating Session using : alias=api_session, url=https://reqres.in, headers={},                     cookies={}, auth=None, timeout=None, proxies=None, verify=False,                     debug=0 </msg>
<arg>api_session</arg>
<arg>${API_URL}</arg>
<doc>Create Session: create a HTTP session to a server</doc>
<status status="PASS" start="2025-01-10T04:03:59.296629" elapsed="0.000309"/>
</kw>
<kw name="Replace String" owner="String">
<msg time="2025-01-10T04:03:59.297376" level="INFO">${endpoint} = /api/users/23</msg>
<var>${endpoint}</var>
<arg>${API_USERS_ID}</arg>
<arg>{id}</arg>
<arg>23</arg>
<doc>Replaces ``search_for`` in the given ``string`` with ``replace_with``.</doc>
<status status="PASS" start="2025-01-10T04:03:59.297194" elapsed="0.000211"/>
</kw>
<kw name="GET On Session" owner="RequestsLibrary">
<msg time="2025-01-10T04:03:59.735882" level="INFO">GET Request : url=https://reqres.in/api/users/23 
 path_url=/api/users/23 
 headers={'User-Agent': 'python-requests/2.32.3', 'Accept-Encoding': 'gzip, deflate', 'Accept': '*/*', 'Connection': 'keep-alive'} 
 body=None 
 </msg>
<msg time="2025-01-10T04:03:59.736255" level="INFO">GET Response : url=https://reqres.in/api/users/23 
 status=404, reason=Not Found 
 headers={'Date': 'Fri, 10 Jan 2025 07:04:01 GMT', 'Content-Type': 'application/json; charset=utf-8', 'Content-Length': '2', 'Connection': 'keep-alive', 'Report-To': '{"group":"heroku-nel","max_age":3600,"endpoints":[{"url":"https://nel.heroku.com/reports?ts=1736492641&amp;sid=c4c9725f-1ab0-44d8-820f-430df2718e11&amp;s=3fVDAJ4CYajRv2PGbdaFm0ycai0vqdwNwuvohg5Iku0%3D"}]}', 'Reporting-Endpoints': 'heroku-nel=https://nel.heroku.com/reports?ts=1736492641&amp;sid=c4c9725f-1ab0-44d8-820f-430df2718e11&amp;s=3fVDAJ4CYajRv2PGbdaFm0ycai0vqdwNwuvohg5Iku0%3D', 'Nel': '{"report_to":"heroku-nel","max_age":3600,"success_fraction":0.005,"failure_fraction":0.05,"response_headers":["Via"]}', 'X-Powered-By': 'Express', 'Access-Control-Allow-Origin': '*', 'Etag': 'W/"2-vyGp6PvFo4RvsFtPoIWeCReyIC8"', 'Via': '1.1 vegur', 'Cache-Control': 'max-age=14400', 'CF-Cache-Status': 'EXPIRED', 'Vary': 'Accept-Encoding', 'Server': 'cloudflare', 'CF-RAY': '8ffacf81ae95f8e9-NVT', 'server-timing': 'cfL4;desc="?proto=TCP&amp;rtt=3962&amp;min_rtt=3769&amp;rtt_var=1551&amp;sent=5&amp;recv=6&amp;lost=0&amp;retrans=0&amp;sent_bytes=2834&amp;recv_bytes=771&amp;delivery_rate=1082515&amp;cwnd=250&amp;unsent_bytes=0&amp;cid=59f22d5a08e1eaf0&amp;ts=403&amp;x=0"'} 
 body={} 
 </msg>
<msg time="2025-01-10T04:03:59.736650" level="INFO">C:\Users\luisd\AppData\Roaming\Python\Python313\site-packages\urllib3\connectionpool.py:1097: InsecureRequestWarning: Unverified HTTPS request is being made to host 'reqres.in'. Adding certificate verification is strongly advised. See: https://urllib3.readthedocs.io/en/latest/advanced-usage.html#tls-warnings
  warnings.warn(</msg>
<msg time="2025-01-10T04:03:59.738554" level="INFO">${response} = &lt;Response [404]&gt;</msg>
<var>${response}</var>
<arg>api_session</arg>
<arg>${endpoint}</arg>
<arg>expected_status=any</arg>
<doc>Sends a GET request on a previously created HTTP Session.</doc>
<status status="PASS" start="2025-01-10T04:03:59.297661" elapsed="0.441064"/>
</kw>
<kw name="Should Be Equal As Strings" owner="BuiltIn">
<msg time="2025-01-10T04:03:59.741726" level="INFO">Argument types are:
&lt;class 'int'&gt;
&lt;class 'str'&gt;</msg>
<arg>${response.status_code}</arg>
<arg>404</arg>
<doc>Fails if objects are unequal after converting them to strings.</doc>
<status status="PASS" start="2025-01-10T04:03:59.739799" elapsed="0.002197"/>
</kw>
<kw name="Should Be Empty" owner="BuiltIn">
<msg time="2025-01-10T04:03:59.744844" level="INFO">Length is 0.</msg>
<arg>${response.json()}</arg>
<doc>Verifies that the given item is empty.</doc>
<status status="PASS" start="2025-01-10T04:03:59.742958" elapsed="0.002122"/>
</kw>
<kw name="Log" owner="BuiltIn">
<msg time="2025-01-10T04:03:59.747565" level="INFO">{}</msg>
<arg>${response.json()}</arg>
<doc>Logs the given message with the given level.</doc>
<status status="PASS" start="2025-01-10T04:03:59.745952" elapsed="0.001848"/>
</kw>
<doc>Teste de listar usuário inexistente usando API</doc>
<status status="PASS" start="2025-01-10T04:03:59.296258" elapsed="0.452572"/>
</test>
<test id="s1-t8" name="Registro de Usuário" line="109">
<kw name="Create Dictionary" owner="BuiltIn">
<msg time="2025-01-10T04:03:59.754408" level="INFO">${payload} = {'email': 'eve.holt@reqres.in', 'password': 'pistol'}</msg>
<var>${payload}</var>
<arg>email=${USER_EMAIL}</arg>
<arg>password=${USER_PASSWORD}</arg>
<doc>Creates and returns a dictionary based on the given ``items``.</doc>
<status status="PASS" start="2025-01-10T04:03:59.753017" elapsed="0.001489"/>
</kw>
<kw name="POST On Session" owner="RequestsLibrary">
<msg time="2025-01-10T04:04:00.152429" level="INFO">POST Request : url=https://reqres.in/api/register 
 path_url=/api/register 
 headers={'User-Agent': 'python-requests/2.32.3', 'Accept-Encoding': 'gzip, deflate', 'Accept': '*/*', 'Connection': 'keep-alive', 'Content-Length': '53', 'Content-Type': 'application/json'} 
 body=b'{"email": "eve.holt@reqres.in", "password": "pistol"}' 
 </msg>
<msg time="2025-01-10T04:04:00.152959" level="INFO">POST Response : url=https://reqres.in/api/register 
 status=200, reason=OK 
 headers={'Date': 'Fri, 10 Jan 2025 07:04:02 GMT', 'Content-Type': 'application/json; charset=utf-8', 'Content-Length': '36', 'Connection': 'keep-alive', 'Report-To': '{"group":"heroku-nel","max_age":3600,"endpoints":[{"url":"https://nel.heroku.com/reports?ts=1736492642&amp;sid=c4c9725f-1ab0-44d8-820f-430df2718e11&amp;s=l5iGc3VZJY3Q9qpxiWWY%2BYmi8kz%2Bakj6YLzF7EjPkoA%3D"}]}', 'Reporting-Endpoints': 'heroku-nel=https://nel.heroku.com/reports?ts=1736492642&amp;sid=c4c9725f-1ab0-44d8-820f-430df2718e11&amp;s=l5iGc3VZJY3Q9qpxiWWY%2BYmi8kz%2Bakj6YLzF7EjPkoA%3D', 'Nel': '{"report_to":"heroku-nel","max_age":3600,"success_fraction":0.005,"failure_fraction":0.05,"response_headers":["Via"]}', 'X-Powered-By': 'Express', 'Access-Control-Allow-Origin': '*', 'Etag': 'W/"24-4iP0za1geN2he+ohu8F0FhCjLks"', 'Via': '1.1 vegur', 'CF-Cache-Status': 'DYNAMIC', 'Server': 'cloudflare', 'CF-RAY': '8ffacf844806f8e9-NVT', 'server-timing': 'cfL4;desc="?proto=TCP&amp;rtt=4179&amp;min_rtt=3769&amp;rtt_var=1598&amp;sent=8&amp;recv=9&amp;lost=0&amp;retrans=0&amp;sent_bytes=4449&amp;recv_bytes=1073&amp;delivery_rate=1082515&amp;cwnd=252&amp;unsent_bytes=0&amp;cid=59f22d5a08e1eaf0&amp;ts=819&amp;x=0"'} 
 body={"id":4,"token":"QpwL5tke4Pnpja7X4"} 
 </msg>
<msg time="2025-01-10T04:04:00.153672" level="INFO">C:\Users\luisd\AppData\Roaming\Python\Python313\site-packages\urllib3\connectionpool.py:1097: InsecureRequestWarning: Unverified HTTPS request is being made to host 'reqres.in'. Adding certificate verification is strongly advised. See: https://urllib3.readthedocs.io/en/latest/advanced-usage.html#tls-warnings
  warnings.warn(</msg>
<msg time="2025-01-10T04:04:00.155085" level="INFO">${response} = &lt;Response [200]&gt;</msg>
<var>${response}</var>
<arg>api_session</arg>
<arg>${API_REGISTER}</arg>
<arg>json=${payload}</arg>
<doc>Sends a POST request on a previously created HTTP Session.</doc>
<status status="PASS" start="2025-01-10T04:03:59.755195" elapsed="0.400016"/>
</kw>
<kw name="Should Be Equal As Strings" owner="BuiltIn">
<msg time="2025-01-10T04:04:00.157172" level="INFO">Argument types are:
&lt;class 'int'&gt;
&lt;class 'str'&gt;</msg>
<arg>${response.status_code}</arg>
<arg>200</arg>
<doc>Fails if objects are unequal after converting them to strings.</doc>
<status status="PASS" start="2025-01-10T04:04:00.155913" elapsed="0.001438"/>
</kw>
<kw name="Convert To Dictionary" owner="Collections">
<msg time="2025-01-10T04:04:00.159353" level="INFO">${response_json} = {'id': 4, 'token': 'QpwL5tke4Pnpja7X4'}</msg>
<var>${response_json}</var>
<arg>${response.json()}</arg>
<doc>Converts the given ``item`` to a Python ``dict`` type.</doc>
<status status="PASS" start="2025-01-10T04:04:00.158032" elapsed="0.001418"/>
</kw>
<kw name="Get From Dictionary" owner="Collections">
<msg time="2025-01-10T04:04:00.160618" level="INFO">${user_id} = 4</msg>
<var>${user_id}</var>
<arg>${response_json}</arg>
<arg>id</arg>
<doc>Returns a value from the given ``dictionary`` based on the given ``key``.</doc>
<status status="PASS" start="2025-01-10T04:04:00.160099" elapsed="0.000605"/>
</kw>
<kw name="Get From Dictionary" owner="Collections">
<msg time="2025-01-10T04:04:00.161901" level="INFO">${token} = QpwL5tke4Pnpja7X4</msg>
<var>${token}</var>
<arg>${response_json}</arg>
<arg>token</arg>
<doc>Returns a value from the given ``dictionary`` based on the given ``key``.</doc>
<status status="PASS" start="2025-01-10T04:04:00.161371" elapsed="0.000618"/>
</kw>
<kw name="Should Be True" owner="BuiltIn">
<arg>${user_id} != None</arg>
<doc>Fails if the given condition is not true.</doc>
<status status="PASS" start="2025-01-10T04:04:00.162630" elapsed="0.000498"/>
</kw>
<kw name="Should Not Be Empty" owner="BuiltIn">
<msg time="2025-01-10T04:04:00.163885" level="INFO">Length is 17.</msg>
<arg>${token}</arg>
<doc>Verifies that the given item is not empty.</doc>
<status status="PASS" start="2025-01-10T04:04:00.163604" elapsed="0.000386"/>
</kw>
<kw name="Log" owner="BuiltIn">
<msg time="2025-01-10T04:04:00.164927" level="INFO">ID: 4, Token: QpwL5tke4Pnpja7X4</msg>
<arg>ID: ${user_id}, Token: ${token}</arg>
<doc>Logs the given message with the given level.</doc>
<status status="PASS" start="2025-01-10T04:04:00.164562" elapsed="0.000475"/>
</kw>
<kw name="Set Global Variable" owner="BuiltIn">
<msg time="2025-01-10T04:04:00.167330" level="INFO">${REGISTERED_TOKEN} = QpwL5tke4Pnpja7X4</msg>
<arg>${REGISTERED_TOKEN}</arg>
<arg>${token}</arg>
<doc>Makes a variable available globally in all tests and suites.</doc>
<status status="PASS" start="2025-01-10T04:04:00.165893" elapsed="0.001552"/>
</kw>
<doc>Teste de registro de usuário com validação de ID e Token</doc>
<status status="PASS" start="2025-01-10T04:03:59.751193" elapsed="0.416753"/>
</test>
<test id="s1-t9" name="Registro com Dados Faltando" line="128">
<kw name="Create Session" owner="RequestsLibrary">
<msg time="2025-01-10T04:04:00.170796" level="INFO">Creating Session using : alias=api_session, url=https://reqres.in, headers={},                     cookies={}, auth=None, timeout=None, proxies=None, verify=False,                     debug=0 </msg>
<arg>api_session</arg>
<arg>${API_URL}</arg>
<doc>Create Session: create a HTTP session to a server</doc>
<status status="PASS" start="2025-01-10T04:04:00.170414" elapsed="0.000689"/>
</kw>
<kw name="Create Dictionary" owner="BuiltIn">
<msg time="2025-01-10T04:04:00.172344" level="INFO">${payload} = {'email': 'eve.holt@reqres.in', 'password': None}</msg>
<var>${payload}</var>
<arg>email=${USER_EMAIL}</arg>
<arg>password=${None}</arg>
<doc>Creates and returns a dictionary based on the given ``items``.</doc>
<status status="PASS" start="2025-01-10T04:04:00.171672" elapsed="0.000744"/>
</kw>
<kw name="POST On Session" owner="RequestsLibrary">
<msg time="2025-01-10T04:04:00.615694" level="INFO">POST Request : url=https://reqres.in/api/register 
 path_url=/api/register 
 headers={'User-Agent': 'python-requests/2.32.3', 'Accept-Encoding': 'gzip, deflate', 'Accept': '*/*', 'Connection': 'keep-alive', 'Content-Length': '49', 'Content-Type': 'application/json'} 
 body=b'{"email": "eve.holt@reqres.in", "password": null}' 
 </msg>
<msg time="2025-01-10T04:04:00.616062" level="INFO">POST Response : url=https://reqres.in/api/register 
 status=400, reason=Bad Request 
 headers={'Date': 'Fri, 10 Jan 2025 07:04:02 GMT', 'Content-Type': 'application/json; charset=utf-8', 'Content-Length': '28', 'Connection': 'keep-alive', 'Report-To': '{"group":"heroku-nel","max_age":3600,"endpoints":[{"url":"https://nel.heroku.com/reports?ts=1736492642&amp;sid=c4c9725f-1ab0-44d8-820f-430df2718e11&amp;s=l5iGc3VZJY3Q9qpxiWWY%2BYmi8kz%2Bakj6YLzF7EjPkoA%3D"}]}', 'Reporting-Endpoints': 'heroku-nel=https://nel.heroku.com/reports?ts=1736492642&amp;sid=c4c9725f-1ab0-44d8-820f-430df2718e11&amp;s=l5iGc3VZJY3Q9qpxiWWY%2BYmi8kz%2Bakj6YLzF7EjPkoA%3D', 'Nel': '{"report_to":"heroku-nel","max_age":3600,"success_fraction":0.005,"failure_fraction":0.05,"response_headers":["Via"]}', 'X-Powered-By': 'Express', 'Access-Control-Allow-Origin': '*', 'Etag': 'W/"1c-NmpazMScs9tOqR7eDEesn+pqC9Q"', 'Via': '1.1 vegur', 'CF-Cache-Status': 'DYNAMIC', 'Server': 'cloudflare', 'CF-RAY': '8ffacf872fc5f90d-NVT', 'server-timing': 'cfL4;desc="?proto=TCP&amp;rtt=4306&amp;min_rtt=4298&amp;rtt_var=1628&amp;sent=5&amp;recv=7&amp;lost=0&amp;retrans=0&amp;sent_bytes=2834&amp;recv_bytes=895&amp;delivery_rate=934707&amp;cwnd=252&amp;unsent_bytes=0&amp;cid=cc7c78fcf3fea5a5&amp;ts=400&amp;x=0"'} 
 body={"error":"Missing password"} 
 </msg>
<msg time="2025-01-10T04:04:00.616369" level="INFO">C:\Users\luisd\AppData\Roaming\Python\Python313\site-packages\urllib3\connectionpool.py:1097: InsecureRequestWarning: Unverified HTTPS request is being made to host 'reqres.in'. Adding certificate verification is strongly advised. See: https://urllib3.readthedocs.io/en/latest/advanced-usage.html#tls-warnings
  warnings.warn(</msg>
<msg time="2025-01-10T04:04:00.618179" level="INFO">${response} = &lt;Response [400]&gt;</msg>
<var>${response}</var>
<arg>api_session</arg>
<arg>${API_REGISTER}</arg>
<arg>json=${payload}</arg>
<arg>expected_status=any</arg>
<doc>Sends a POST request on a previously created HTTP Session.</doc>
<status status="PASS" start="2025-01-10T04:04:00.172935" elapsed="0.445403"/>
</kw>
<kw name="Should Be Equal As Strings" owner="BuiltIn">
<msg time="2025-01-10T04:04:00.621468" level="INFO">Argument types are:
&lt;class 'int'&gt;
&lt;class 'str'&gt;</msg>
<arg>${response.status_code}</arg>
<arg>400</arg>
<doc>Fails if objects are unequal after converting them to strings.</doc>
<status status="PASS" start="2025-01-10T04:04:00.619531" elapsed="0.002208"/>
</kw>
<kw name="Convert To Dictionary" owner="Collections">
<msg time="2025-01-10T04:04:00.624636" level="INFO">${response_json} = {'error': 'Missing password'}</msg>
<var>${response_json}</var>
<arg>${response.json()}</arg>
<doc>Converts the given ``item`` to a Python ``dict`` type.</doc>
<status status="PASS" start="2025-01-10T04:04:00.622718" elapsed="0.002061"/>
</kw>
<kw name="Get From Dictionary" owner="Collections">
<msg time="2025-01-10T04:04:00.626463" level="INFO">${error} = Missing password</msg>
<var>${error}</var>
<arg>${response_json}</arg>
<arg>error</arg>
<doc>Returns a value from the given ``dictionary`` based on the given ``key``.</doc>
<status status="PASS" start="2025-01-10T04:04:00.625749" elapsed="0.000834"/>
</kw>
<kw name="Should Be Equal As Strings" owner="BuiltIn">
<arg>${error}</arg>
<arg>Missing password</arg>
<doc>Fails if objects are unequal after converting them to strings.</doc>
<status status="PASS" start="2025-01-10T04:04:00.627678" elapsed="0.000698"/>
</kw>
<doc>Teste de registro sem password</doc>
<status status="PASS" start="2025-01-10T04:04:00.169420" elapsed="0.459782"/>
</test>
<test id="s1-t10" name="Login Positivo" line="142">
<kw name="Create Session" owner="RequestsLibrary">
<msg time="2025-01-10T04:04:00.633908" level="INFO">Creating Session using : alias=api_session, url=https://reqres.in, headers={},                     cookies={}, auth=None, timeout=None, proxies=None, verify=False,                     debug=0 </msg>
<arg>api_session</arg>
<arg>${API_URL}</arg>
<doc>Create Session: create a HTTP session to a server</doc>
<status status="PASS" start="2025-01-10T04:04:00.633314" elapsed="0.001137"/>
</kw>
<kw name="Create Dictionary" owner="BuiltIn">
<msg time="2025-01-10T04:04:00.636791" level="INFO">${payload} = {'email': 'eve.holt@reqres.in', 'password': 'pistol'}</msg>
<var>${payload}</var>
<arg>email=${USER_EMAIL}</arg>
<arg>password=${USER_PASSWORD}</arg>
<doc>Creates and returns a dictionary based on the given ``items``.</doc>
<status status="PASS" start="2025-01-10T04:04:00.635594" elapsed="0.001325"/>
</kw>
<kw name="POST On Session" owner="RequestsLibrary">
<msg time="2025-01-10T04:04:01.088930" level="INFO">POST Request : url=https://reqres.in/api/login 
 path_url=/api/login 
 headers={'User-Agent': 'python-requests/2.32.3', 'Accept-Encoding': 'gzip, deflate', 'Accept': '*/*', 'Connection': 'keep-alive', 'Content-Length': '53', 'Content-Type': 'application/json'} 
 body=b'{"email": "eve.holt@reqres.in", "password": "pistol"}' 
 </msg>
<msg time="2025-01-10T04:04:01.089268" level="INFO">POST Response : url=https://reqres.in/api/login 
 status=200, reason=OK 
 headers={'Date': 'Fri, 10 Jan 2025 07:04:03 GMT', 'Content-Type': 'application/json; charset=utf-8', 'Content-Length': '29', 'Connection': 'keep-alive', 'Report-To': '{"group":"heroku-nel","max_age":3600,"endpoints":[{"url":"https://nel.heroku.com/reports?ts=1736492643&amp;sid=c4c9725f-1ab0-44d8-820f-430df2718e11&amp;s=ARkcsMiB5pBibVxjok53NUv7BTJrjtz8CHHoAGEO%2FQQ%3D"}]}', 'Reporting-Endpoints': 'heroku-nel=https://nel.heroku.com/reports?ts=1736492643&amp;sid=c4c9725f-1ab0-44d8-820f-430df2718e11&amp;s=ARkcsMiB5pBibVxjok53NUv7BTJrjtz8CHHoAGEO%2FQQ%3D', 'Nel': '{"report_to":"heroku-nel","max_age":3600,"success_fraction":0.005,"failure_fraction":0.05,"response_headers":["Via"]}', 'X-Powered-By': 'Express', 'Access-Control-Allow-Origin': '*', 'Etag': 'W/"1d-lGCrvD6B7Qzk11+2C98+nGhhuec"', 'Via': '1.1 vegur', 'CF-Cache-Status': 'DYNAMIC', 'Server': 'cloudflare', 'CF-RAY': '8ffacf8a1aa0f8f5-NVT', 'server-timing': 'cfL4;desc="?proto=TCP&amp;rtt=4424&amp;min_rtt=4424&amp;rtt_var=1659&amp;sent=5&amp;recv=7&amp;lost=0&amp;retrans=0&amp;sent_bytes=2834&amp;recv_bytes=896&amp;delivery_rate=922242&amp;cwnd=252&amp;unsent_bytes=0&amp;cid=f8c87d1c740ff6e4&amp;ts=406&amp;x=0"'} 
 body={"token":"QpwL5tke4Pnpja7X4"} 
 </msg>
<msg time="2025-01-10T04:04:01.089538" level="INFO">C:\Users\luisd\AppData\Roaming\Python\Python313\site-packages\urllib3\connectionpool.py:1097: InsecureRequestWarning: Unverified HTTPS request is being made to host 'reqres.in'. Adding certificate verification is strongly advised. See: https://urllib3.readthedocs.io/en/latest/advanced-usage.html#tls-warnings
  warnings.warn(</msg>
<msg time="2025-01-10T04:04:01.091236" level="INFO">${response} = &lt;Response [200]&gt;</msg>
<var>${response}</var>
<arg>api_session</arg>
<arg>${API_LOGIN}</arg>
<arg>json=${payload}</arg>
<doc>Sends a POST request on a previously created HTTP Session.</doc>
<status status="PASS" start="2025-01-10T04:04:00.637579" elapsed="0.453829"/>
</kw>
<kw name="Should Be Equal As Strings" owner="BuiltIn">
<msg time="2025-01-10T04:04:01.094141" level="INFO">Argument types are:
&lt;class 'int'&gt;
&lt;class 'str'&gt;</msg>
<arg>${response.status_code}</arg>
<arg>200</arg>
<doc>Fails if objects are unequal after converting them to strings.</doc>
<status status="PASS" start="2025-01-10T04:04:01.092330" elapsed="0.002068"/>
</kw>
<kw name="Convert To Dictionary" owner="Collections">
<msg time="2025-01-10T04:04:01.097078" level="INFO">${response_json} = {'token': 'QpwL5tke4Pnpja7X4'}</msg>
<var>${response_json}</var>
<arg>${response.json()}</arg>
<doc>Converts the given ``item`` to a Python ``dict`` type.</doc>
<status status="PASS" start="2025-01-10T04:04:01.095265" elapsed="0.001945"/>
</kw>
<kw name="Get From Dictionary" owner="Collections">
<msg time="2025-01-10T04:04:01.098766" level="INFO">${token} = QpwL5tke4Pnpja7X4</msg>
<var>${token}</var>
<arg>${response_json}</arg>
<arg>token</arg>
<doc>Returns a value from the given ``dictionary`` based on the given ``key``.</doc>
<status status="PASS" start="2025-01-10T04:04:01.098053" elapsed="0.000833"/>
</kw>
<kw name="Should Not Be Empty" owner="BuiltIn">
<msg time="2025-01-10T04:04:01.100256" level="INFO">Length is 17.</msg>
<arg>${token}</arg>
<doc>Verifies that the given item is not empty.</doc>
<status status="PASS" start="2025-01-10T04:04:01.099721" elapsed="0.000726"/>
</kw>
<kw name="Should Be Equal As Strings" owner="BuiltIn">
<arg>${token}</arg>
<arg>${REGISTERED_TOKEN}</arg>
<doc>Fails if objects are unequal after converting them to strings.</doc>
<status status="PASS" start="2025-01-10T04:04:01.101331" elapsed="0.000781"/>
</kw>
<kw name="Log" owner="BuiltIn">
<msg time="2025-01-10T04:04:01.103283" level="INFO">Token: QpwL5tke4Pnpja7X4</msg>
<arg>Token: ${token}</arg>
<doc>Logs the given message with the given level.</doc>
<status status="PASS" start="2025-01-10T04:04:01.102903" elapsed="0.000513"/>
</kw>
<doc>Teste de login válido com validação do token</doc>
<status status="PASS" start="2025-01-10T04:04:00.631920" elapsed="0.472530"/>
</test>
<test id="s1-t11" name="Login com Dados Faltando" line="158">
<kw name="Create Session" owner="RequestsLibrary">
<msg time="2025-01-10T04:04:01.108169" level="INFO">Creating Session using : alias=api_session, url=https://reqres.in, headers={},                     cookies={}, auth=None, timeout=None, proxies=None, verify=False,                     debug=0 </msg>
<arg>api_session</arg>
<arg>${API_URL}</arg>
<doc>Create Session: create a HTTP session to a server</doc>
<status status="PASS" start="2025-01-10T04:04:01.107719" elapsed="0.000799"/>
</kw>
<kw name="Create Dictionary" owner="BuiltIn">
<msg time="2025-01-10T04:04:01.109432" level="INFO">${payload} = {'email': 'peter@klaven', 'password': 'null'}</msg>
<var>${payload}</var>
<arg>email=peter@klaven</arg>
<arg>password=null</arg>
<doc>Creates and returns a dictionary based on the given ``items``.</doc>
<status status="PASS" start="2025-01-10T04:04:01.109031" elapsed="0.000464"/>
</kw>
<kw name="POST On Session" owner="RequestsLibrary">
<msg time="2025-01-10T04:04:01.551568" level="INFO">POST Request : url=https://reqres.in/api/login 
 path_url=/api/login 
 headers={'User-Agent': 'python-requests/2.32.3', 'Accept-Encoding': 'gzip, deflate', 'Accept': '*/*', 'Connection': 'keep-alive', 'Content-Length': '45', 'Content-Type': 'application/json'} 
 body=b'{"email": "peter@klaven", "password": "null"}' 
 </msg>
<msg time="2025-01-10T04:04:01.551933" level="INFO">POST Response : url=https://reqres.in/api/login 
 status=400, reason=Bad Request 
 headers={'Date': 'Fri, 10 Jan 2025 07:04:03 GMT', 'Content-Type': 'application/json; charset=utf-8', 'Content-Length': '26', 'Connection': 'keep-alive', 'Report-To': '{"group":"heroku-nel","max_age":3600,"endpoints":[{"url":"https://nel.heroku.com/reports?ts=1736492643&amp;sid=c4c9725f-1ab0-44d8-820f-430df2718e11&amp;s=ARkcsMiB5pBibVxjok53NUv7BTJrjtz8CHHoAGEO%2FQQ%3D"}]}', 'Reporting-Endpoints': 'heroku-nel=https://nel.heroku.com/reports?ts=1736492643&amp;sid=c4c9725f-1ab0-44d8-820f-430df2718e11&amp;s=ARkcsMiB5pBibVxjok53NUv7BTJrjtz8CHHoAGEO%2FQQ%3D', 'Nel': '{"report_to":"heroku-nel","max_age":3600,"success_fraction":0.005,"failure_fraction":0.05,"response_headers":["Via"]}', 'X-Powered-By': 'Express', 'Access-Control-Allow-Origin': '*', 'Etag': 'W/"1a-EGIcyP6BIiCXl5Gb1aph5CGf4VQ"', 'Via': '1.1 vegur', 'CF-Cache-Status': 'DYNAMIC', 'Server': 'cloudflare', 'CF-RAY': '8ffacf8d0c41f8f5-NVT', 'server-timing': 'cfL4;desc="?proto=TCP&amp;rtt=4743&amp;min_rtt=4738&amp;rtt_var=1787&amp;sent=6&amp;recv=7&amp;lost=0&amp;retrans=0&amp;sent_bytes=2834&amp;recv_bytes=888&amp;delivery_rate=853377&amp;cwnd=252&amp;unsent_bytes=0&amp;cid=264b76d642067984&amp;ts=400&amp;x=0"'} 
 body={"error":"user not found"} 
 </msg>
<msg time="2025-01-10T04:04:01.552274" level="INFO">C:\Users\luisd\AppData\Roaming\Python\Python313\site-packages\urllib3\connectionpool.py:1097: InsecureRequestWarning: Unverified HTTPS request is being made to host 'reqres.in'. Adding certificate verification is strongly advised. See: https://urllib3.readthedocs.io/en/latest/advanced-usage.html#tls-warnings
  warnings.warn(</msg>
<msg time="2025-01-10T04:04:01.553689" level="INFO">${response} = &lt;Response [400]&gt;</msg>
<var>${response}</var>
<arg>api_session</arg>
<arg>${API_LOGIN}</arg>
<arg>json=${payload}</arg>
<arg>expected_status=any</arg>
<doc>Sends a POST request on a previously created HTTP Session.</doc>
<status status="PASS" start="2025-01-10T04:04:01.110064" elapsed="0.443763"/>
</kw>
<kw name="Should Be Equal As Strings" owner="BuiltIn">
<msg time="2025-01-10T04:04:01.556118" level="INFO">Argument types are:
&lt;class 'int'&gt;
&lt;class 'str'&gt;</msg>
<arg>${response.status_code}</arg>
<arg>400</arg>
<doc>Fails if objects are unequal after converting them to strings.</doc>
<status status="PASS" start="2025-01-10T04:04:01.554644" elapsed="0.001670"/>
</kw>
<kw name="Convert To Dictionary" owner="Collections">
<msg time="2025-01-10T04:04:01.558832" level="INFO">${response_json} = {'error': 'user not found'}</msg>
<var>${response_json}</var>
<arg>${response.json()}</arg>
<doc>Converts the given ``item`` to a Python ``dict`` type.</doc>
<status status="PASS" start="2025-01-10T04:04:01.557044" elapsed="0.001896"/>
</kw>
<kw name="Get From Dictionary" owner="Collections">
<msg time="2025-01-10T04:04:01.560292" level="INFO">${error} = user not found</msg>
<var>${error}</var>
<arg>${response_json}</arg>
<arg>error</arg>
<doc>Returns a value from the given ``dictionary`` based on the given ``key``.</doc>
<status status="PASS" start="2025-01-10T04:04:01.559685" elapsed="0.000722"/>
</kw>
<kw name="Should Be Equal As Strings" owner="BuiltIn">
<arg>${error}</arg>
<arg>user not found</arg>
<doc>Fails if objects are unequal after converting them to strings.</doc>
<status status="PASS" start="2025-01-10T04:04:01.561121" elapsed="0.000477"/>
</kw>
<doc>Teste de login sem password</doc>
<status status="PASS" start="2025-01-10T04:04:01.106316" elapsed="0.455797"/>
</test>
<status status="PASS" start="2025-01-10T04:03:56.812787" elapsed="4.751375"/>
</suite>
<statistics>
<total>
<stat pass="11" fail="0" skip="0">All Tests</stat>
</total>
<tag>
</tag>
<suite>
<stat pass="11" fail="0" skip="0" id="s1" name="Users">Users</stat>
</suite>
</statistics>
<errors>
<msg time="2025-01-10T04:03:57.406118" level="ERROR">Error in file 'C:\Users\luisd\Documents\Portifolios\Robot_API_E2E\main.resource' on line 7: Processing variable file 'RESOURCES/variables/api_variables.resource' failed: Importing variable file 'RESOURCES/variables/api_variables.resource' failed: ModuleNotFoundError: No module named 'RESOURCES/variables/api_variables'
Traceback (most recent call last):
  None
PYTHONPATH:
  C:\Users\luisd\Documents\Portifolios\Robot_API_E2E\TESTS\api
  C:\Python313\python313.zip
  C:\Python313\DLLs
  C:\Python313\Lib
  C:\Python313
  C:\Users\luisd\AppData\Roaming\Python\Python313\site-packages
  C:\Python313\Lib\site-packages</msg>
</errors>
</robot>
